build/app/intermediates/manifest_merge_blame_file/debug/manifest-merger-blame-debug-report.txt
1<?xml version="1.0" encoding="utf-8"?>
2<manifest xmlns:android="http://schemas.android.com/apk/res/android"
3    package="com.mycompany.voguetnc"
4    android:versionCode="1"
5    android:versionName="1.0.0" >
6
7    <uses-sdk
8        android:minSdkVersion="23"
9        android:targetSdkVersion="34" />
10    <!--
11         Flutter needs it to communicate with the running application
12         to allow setting breakpoints, to provide hot reload, etc.
13    -->
14    <uses-permission android:name="android.permission.INTERNET" />
14-->src/main/AndroidManifest.xml:4:5-66
14-->src/main/AndroidManifest.xml:4:22-64
15    <uses-permission android:name="android.permission.ACCESS_FINE_LOCATION" />
15-->src/main/AndroidManifest.xml:5:5-78
15-->src/main/AndroidManifest.xml:5:22-76
16    <uses-permission android:name="android.permission.ACCESS_COARSE_LOCATION" />
16-->src/main/AndroidManifest.xml:6:5-80
16-->src/main/AndroidManifest.xml:6:22-78
17    <uses-permission android:name="android.permission.CAMERA" />
17-->src/main/AndroidManifest.xml:7:5-64
17-->src/main/AndroidManifest.xml:7:22-62
18    <uses-permission
18-->src/main/AndroidManifest.xml:8:5-106
19        android:name="android.permission.READ_EXTERNAL_STORAGE"
19-->src/main/AndroidManifest.xml:8:22-77
20        android:maxSdkVersion="32" />
20-->src/main/AndroidManifest.xml:8:78-104
21    <uses-permission
21-->src/main/AndroidManifest.xml:9:5-107
22        android:name="android.permission.WRITE_EXTERNAL_STORAGE"
22-->src/main/AndroidManifest.xml:9:22-78
23        android:maxSdkVersion="32" />
23-->src/main/AndroidManifest.xml:9:79-105
24
25    <queries>
25-->[:file_picker] AndroidManifest.xml:13:5-19:15
26        <intent>
26-->[:file_picker] AndroidManifest.xml:14:9-18:18
27            <action android:name="android.intent.action.GET_CONTENT" />
27-->[:file_picker] AndroidManifest.xml:15:13-72
27-->[:file_picker] AndroidManifest.xml:15:21-69
28
29            <data android:mimeType="*/*" />
29-->src/main/AndroidManifest.xml:54:17-99
30        </intent>
31        <!-- Added to check the default browser that will host the AuthFlow. -->
32        <intent>
32-->[com.stripe:financial-connections:20.34.4] AndroidManifest.xml:13:9-17:18
33            <action android:name="android.intent.action.VIEW" />
33-->src/main/AndroidManifest.xml:51:17-69
33-->src/main/AndroidManifest.xml:51:25-66
34
35            <data android:scheme="http" />
35-->src/main/AndroidManifest.xml:54:17-99
35-->src/main/AndroidManifest.xml:54:23-58
36        </intent> <!-- Added to check if Chrome is installed for browser-based payment authentication (e.g. 3DS1). -->
37        <package android:name="com.android.chrome" /> <!-- Needs to be explicitly declared on Android R+ -->
37-->[com.stripe:payments-core:20.34.4] AndroidManifest.xml:11:9-54
37-->[com.stripe:payments-core:20.34.4] AndroidManifest.xml:11:18-51
38        <package android:name="com.google.android.apps.maps" />
38-->[com.google.android.gms:play-services-maps:18.2.0] AndroidManifest.xml:33:9-64
38-->[com.google.android.gms:play-services-maps:18.2.0] AndroidManifest.xml:33:18-61
39    </queries>
40
41    <uses-permission android:name="android.permission.WAKE_LOCK" />
41-->[:firebase_messaging] AndroidManifest.xml:10:5-68
41-->[:firebase_messaging] AndroidManifest.xml:10:22-65
42    <uses-permission android:name="android.permission.ACCESS_NETWORK_STATE" /> <!-- Permissions options for the `notification` group -->
42-->[:firebase_messaging] AndroidManifest.xml:11:5-79
42-->[:firebase_messaging] AndroidManifest.xml:11:22-76
43    <uses-permission android:name="android.permission.POST_NOTIFICATIONS" />
43-->[:firebase_messaging] AndroidManifest.xml:13:5-77
43-->[:firebase_messaging] AndroidManifest.xml:13:22-74
44
45    <uses-feature
45-->[com.google.android.gms:play-services-maps:18.2.0] AndroidManifest.xml:26:5-28:35
46        android:glEsVersion="0x00020000"
46-->[com.google.android.gms:play-services-maps:18.2.0] AndroidManifest.xml:27:9-41
47        android:required="true" /> <!-- Required by older versions of Google Play services to create IID tokens -->
47-->[com.google.android.gms:play-services-maps:18.2.0] AndroidManifest.xml:28:9-32
48    <uses-permission android:name="com.google.android.c2dm.permission.RECEIVE" />
48-->[com.google.firebase:firebase-messaging:24.0.1] AndroidManifest.xml:26:5-82
48-->[com.google.firebase:firebase-messaging:24.0.1] AndroidManifest.xml:26:22-79
49    <uses-permission android:name="com.google.android.providers.gsf.permission.READ_GSERVICES" />
49-->[com.google.android.recaptcha:recaptcha:18.4.0] AndroidManifest.xml:9:5-98
49-->[com.google.android.recaptcha:recaptcha:18.4.0] AndroidManifest.xml:9:22-95
50
51    <permission
51-->[androidx.core:core:1.13.1] AndroidManifest.xml:22:5-24:47
52        android:name="com.mycompany.voguetnc.DYNAMIC_RECEIVER_NOT_EXPORTED_PERMISSION"
52-->[androidx.core:core:1.13.1] AndroidManifest.xml:23:9-81
53        android:protectionLevel="signature" />
53-->[androidx.core:core:1.13.1] AndroidManifest.xml:24:9-44
54
55    <uses-permission android:name="com.mycompany.voguetnc.DYNAMIC_RECEIVER_NOT_EXPORTED_PERMISSION" />
55-->[androidx.core:core:1.13.1] AndroidManifest.xml:26:5-97
55-->[androidx.core:core:1.13.1] AndroidManifest.xml:26:22-94
56
57    <application
57-->src/main/AndroidManifest.xml:11:5-67:19
58        android:appComponentFactory="androidx.core.app.CoreComponentFactory"
58-->[androidx.core:core:1.13.1] AndroidManifest.xml:28:18-86
59        android:debuggable="true"
60        android:enableOnBackInvokedCallback="true"
60-->src/main/AndroidManifest.xml:17:9-51
61        android:extractNativeLibs="false"
62        android:icon="@mipmap/ic_launcher"
62-->src/main/AndroidManifest.xml:14:9-43
63        android:label="furugi with template"
63-->src/main/AndroidManifest.xml:12:9-45
64        android:requestLegacyExternalStorage="true"
64-->src/main/AndroidManifest.xml:16:9-52
65        android:theme="@style/LaunchTheme" >
65-->src/main/AndroidManifest.xml:15:9-43
66        <activity
66-->src/main/AndroidManifest.xml:19:9-57:20
67            android:name="com.mycompany.voguetnc.MainActivity"
67-->src/main/AndroidManifest.xml:20:13-41
68            android:configChanges="orientation|keyboardHidden|keyboard|screenSize|smallestScreenSize|locale|layoutDirection|fontScale|screenLayout|density|uiMode"
68-->src/main/AndroidManifest.xml:24:13-163
69            android:exported="true"
69-->src/main/AndroidManifest.xml:21:13-36
70            android:hardwareAccelerated="true"
70-->src/main/AndroidManifest.xml:25:13-47
71            android:launchMode="singleTop"
71-->src/main/AndroidManifest.xml:22:13-43
72            android:theme="@style/LaunchTheme"
72-->src/main/AndroidManifest.xml:23:13-47
73            android:windowSoftInputMode="adjustResize" >
73-->src/main/AndroidManifest.xml:26:13-55
74
75            <!--
76                 Specifies an Android theme to apply to this Activity as soon as
77                 the Android process has started. This theme is visible to the user
78                 while the Flutter UI initializes. After that, this theme continues
79                 to determine the Window background behind the Flutter UI.
80            -->
81            <meta-data
81-->src/main/AndroidManifest.xml:31:13-34:17
82                android:name="io.flutter.embedding.android.NormalTheme"
82-->src/main/AndroidManifest.xml:32:15-70
83                android:resource="@style/NormalTheme" />
83-->src/main/AndroidManifest.xml:33:15-52
84            <!--
85                 Displays an Android View that continues showing the launch screen
86                 Drawable until Flutter paints its first frame, then this splash
87                 screen fades out. A splash screen is useful to avoid any visual
88                 gap between the end of Android's launch screen and the painting of
89                 Flutter's first frame.
90            -->
91            <meta-data
91-->src/main/AndroidManifest.xml:40:13-43:17
92                android:name="io.flutter.embedding.android.SplashScreenDrawable"
92-->src/main/AndroidManifest.xml:41:15-79
93                android:resource="@drawable/launch_background" />
93-->src/main/AndroidManifest.xml:42:15-61
94
95            <intent-filter>
95-->src/main/AndroidManifest.xml:44:13-47:29
96                <action android:name="android.intent.action.MAIN" />
96-->src/main/AndroidManifest.xml:45:17-68
96-->src/main/AndroidManifest.xml:45:25-66
97
98                <category android:name="android.intent.category.LAUNCHER" />
98-->src/main/AndroidManifest.xml:46:17-76
98-->src/main/AndroidManifest.xml:46:27-74
99            </intent-filter>
100            <!-- Deep linking -->
101            <meta-data
101-->src/main/AndroidManifest.xml:49:13-90
102                android:name="flutter_deeplinking_enabled"
102-->src/main/AndroidManifest.xml:49:24-66
103                android:value="true" />
103-->src/main/AndroidManifest.xml:49:67-87
104
105            <intent-filter android:autoVerify="true" >
105-->src/main/AndroidManifest.xml:50:13-55:29
105-->src/main/AndroidManifest.xml:50:28-53
106                <action android:name="android.intent.action.VIEW" />
106-->src/main/AndroidManifest.xml:51:17-69
106-->src/main/AndroidManifest.xml:51:25-66
107
108                <category android:name="android.intent.category.DEFAULT" />
108-->src/main/AndroidManifest.xml:52:17-76
108-->src/main/AndroidManifest.xml:52:27-73
109                <category android:name="android.intent.category.BROWSABLE" />
109-->src/main/AndroidManifest.xml:53:17-78
109-->src/main/AndroidManifest.xml:53:27-75
110
111                <data
111-->src/main/AndroidManifest.xml:54:17-99
112                    android:host="furugiwithtemplate.com"
112-->src/main/AndroidManifest.xml:54:59-96
113                    android:scheme="furugiwithtemplate" />
113-->src/main/AndroidManifest.xml:54:23-58
114            </intent-filter>
115        </activity>
116
117        <!--
118             Don't delete the meta-data below.
119             This is used by the Flutter tool to generate GeneratedPluginRegistrant.java
120        -->
121        <meta-data
121-->src/main/AndroidManifest.xml:61:9-63:33
122            android:name="flutterEmbedding"
122-->src/main/AndroidManifest.xml:62:13-44
123            android:value="2" />
123-->src/main/AndroidManifest.xml:63:13-30
124        <meta-data
124-->src/main/AndroidManifest.xml:64:9-123
125            android:name="com.google.android.geo.API_KEY"
125-->src/main/AndroidManifest.xml:64:20-65
126            android:value="AIzaSyDB1Ydff8UDCxAXJoaeVpfzJ5HGf69GVhg" />
126-->src/main/AndroidManifest.xml:64:66-121
127
128        <service
128-->[:cloud_firestore] AndroidManifest.xml:10:9-14:19
129            android:name="com.google.firebase.components.ComponentDiscoveryService"
129-->[:cloud_firestore] AndroidManifest.xml:10:18-89
130            android:directBootAware="true"
130-->[com.google.firebase:firebase-common:21.0.0] AndroidManifest.xml:32:13-43
131            android:exported="false" >
131-->[com.google.firebase:firebase-auth:23.0.0] AndroidManifest.xml:68:13-37
132            <meta-data
132-->[:cloud_firestore] AndroidManifest.xml:11:13-13:85
133                android:name="com.google.firebase.components:io.flutter.plugins.firebase.firestore.FlutterFirebaseFirestoreRegistrar"
133-->[:cloud_firestore] AndroidManifest.xml:12:17-134
134                android:value="com.google.firebase.components.ComponentRegistrar" />
134-->[:cloud_firestore] AndroidManifest.xml:13:17-82
135            <meta-data
135-->[:cloud_functions] AndroidManifest.xml:11:13-13:85
136                android:name="com.google.firebase.components:io.flutter.plugins.firebase.functions.FlutterFirebaseAppRegistrar"
136-->[:cloud_functions] AndroidManifest.xml:12:17-128
137                android:value="com.google.firebase.components.ComponentRegistrar" />
137-->[:cloud_functions] AndroidManifest.xml:13:17-82
138            <meta-data
138-->[:firebase_app_check] AndroidManifest.xml:11:13-13:85
139                android:name="com.google.firebase.components:io.flutter.plugins.firebase.appcheck.FlutterFirebaseAppRegistrar"
139-->[:firebase_app_check] AndroidManifest.xml:12:17-127
140                android:value="com.google.firebase.components.ComponentRegistrar" />
140-->[:firebase_app_check] AndroidManifest.xml:13:17-82
141            <meta-data
141-->[:firebase_auth] AndroidManifest.xml:11:13-13:85
142                android:name="com.google.firebase.components:io.flutter.plugins.firebase.auth.FlutterFirebaseAuthRegistrar"
142-->[:firebase_auth] AndroidManifest.xml:12:17-124
143                android:value="com.google.firebase.components.ComponentRegistrar" />
143-->[:firebase_auth] AndroidManifest.xml:13:17-82
144            <meta-data
144-->[:firebase_messaging] AndroidManifest.xml:38:13-40:85
145                android:name="com.google.firebase.components:io.flutter.plugins.firebase.messaging.FlutterFirebaseAppRegistrar"
145-->[:firebase_messaging] AndroidManifest.xml:39:17-128
146                android:value="com.google.firebase.components.ComponentRegistrar" />
146-->[:firebase_messaging] AndroidManifest.xml:40:17-82
147            <meta-data
147-->[:firebase_performance] AndroidManifest.xml:13:13-15:85
148                android:name="com.google.firebase.components:io.flutter.plugins.firebase.performance.FlutterFirebaseAppRegistrar"
148-->[:firebase_performance] AndroidManifest.xml:14:17-130
149                android:value="com.google.firebase.components.ComponentRegistrar" />
149-->[:firebase_performance] AndroidManifest.xml:15:17-82
150            <meta-data
150-->[:firebase_storage] AndroidManifest.xml:11:13-13:85
151                android:name="com.google.firebase.components:io.flutter.plugins.firebase.storage.FlutterFirebaseAppRegistrar"
151-->[:firebase_storage] AndroidManifest.xml:12:17-126
152                android:value="com.google.firebase.components.ComponentRegistrar" />
152-->[:firebase_storage] AndroidManifest.xml:13:17-82
153            <meta-data
153-->[:firebase_core] AndroidManifest.xml:11:13-13:85
154                android:name="com.google.firebase.components:io.flutter.plugins.firebase.core.FlutterFirebaseCoreRegistrar"
154-->[:firebase_core] AndroidManifest.xml:12:17-124
155                android:value="com.google.firebase.components.ComponentRegistrar" />
155-->[:firebase_core] AndroidManifest.xml:13:17-82
156            <meta-data
156-->[com.google.firebase:firebase-auth:23.0.0] AndroidManifest.xml:69:13-71:85
157                android:name="com.google.firebase.components:com.google.firebase.auth.FirebaseAuthRegistrar"
157-->[com.google.firebase:firebase-auth:23.0.0] AndroidManifest.xml:70:17-109
158                android:value="com.google.firebase.components.ComponentRegistrar" />
158-->[com.google.firebase:firebase-auth:23.0.0] AndroidManifest.xml:71:17-82
159            <meta-data
159-->[com.google.firebase:firebase-appcheck-safetynet:16.1.2] AndroidManifest.xml:27:13-29:85
160                android:name="com.google.firebase.components:com.google.firebase.appcheck.safetynet.FirebaseAppCheckSafetyNetRegistrar"
160-->[com.google.firebase:firebase-appcheck-safetynet:16.1.2] AndroidManifest.xml:28:17-136
161                android:value="com.google.firebase.components.ComponentRegistrar" />
161-->[com.google.firebase:firebase-appcheck-safetynet:16.1.2] AndroidManifest.xml:29:17-82
162            <meta-data
162-->[com.google.firebase:firebase-functions:21.0.0] AndroidManifest.xml:15:13-17:85
163                android:name="com.google.firebase.components:com.google.firebase.functions.FirebaseFunctionsKtxRegistrar"
163-->[com.google.firebase:firebase-functions:21.0.0] AndroidManifest.xml:16:17-122
164                android:value="com.google.firebase.components.ComponentRegistrar" />
164-->[com.google.firebase:firebase-functions:21.0.0] AndroidManifest.xml:17:17-82
165            <meta-data
165-->[com.google.firebase:firebase-functions:21.0.0] AndroidManifest.xml:18:13-20:85
166                android:name="com.google.firebase.components:com.google.firebase.functions.FunctionsRegistrar"
166-->[com.google.firebase:firebase-functions:21.0.0] AndroidManifest.xml:19:17-111
167                android:value="com.google.firebase.components.ComponentRegistrar" />
167-->[com.google.firebase:firebase-functions:21.0.0] AndroidManifest.xml:20:17-82
168            <meta-data
168-->[com.google.firebase:firebase-appcheck-debug:18.0.0] AndroidManifest.xml:25:13-27:85
169                android:name="com.google.firebase.components:com.google.firebase.appcheck.debug.FirebaseAppCheckDebugRegistrar"
169-->[com.google.firebase:firebase-appcheck-debug:18.0.0] AndroidManifest.xml:26:17-128
170                android:value="com.google.firebase.components.ComponentRegistrar" />
170-->[com.google.firebase:firebase-appcheck-debug:18.0.0] AndroidManifest.xml:27:17-82
171            <meta-data
171-->[com.google.firebase:firebase-firestore:25.1.0] AndroidManifest.xml:17:13-19:85
172                android:name="com.google.firebase.components:com.google.firebase.firestore.FirebaseFirestoreKtxRegistrar"
172-->[com.google.firebase:firebase-firestore:25.1.0] AndroidManifest.xml:18:17-122
173                android:value="com.google.firebase.components.ComponentRegistrar" />
173-->[com.google.firebase:firebase-firestore:25.1.0] AndroidManifest.xml:19:17-82
174            <meta-data
174-->[com.google.firebase:firebase-firestore:25.1.0] AndroidManifest.xml:20:13-22:85
175                android:name="com.google.firebase.components:com.google.firebase.firestore.FirestoreRegistrar"
175-->[com.google.firebase:firebase-firestore:25.1.0] AndroidManifest.xml:21:17-111
176                android:value="com.google.firebase.components.ComponentRegistrar" />
176-->[com.google.firebase:firebase-firestore:25.1.0] AndroidManifest.xml:22:17-82
177            <meta-data
177-->[com.google.firebase:firebase-appcheck-playintegrity:18.0.0] AndroidManifest.xml:25:13-27:85
178                android:name="com.google.firebase.components:com.google.firebase.appcheck.playintegrity.FirebaseAppCheckPlayIntegrityRegistrar"
178-->[com.google.firebase:firebase-appcheck-playintegrity:18.0.0] AndroidManifest.xml:26:17-144
179                android:value="com.google.firebase.components.ComponentRegistrar" />
179-->[com.google.firebase:firebase-appcheck-playintegrity:18.0.0] AndroidManifest.xml:27:17-82
180            <meta-data
180-->[com.google.firebase:firebase-messaging:24.0.1] AndroidManifest.xml:57:13-59:85
181                android:name="com.google.firebase.components:com.google.firebase.messaging.FirebaseMessagingKtxRegistrar"
181-->[com.google.firebase:firebase-messaging:24.0.1] AndroidManifest.xml:58:17-122
182                android:value="com.google.firebase.components.ComponentRegistrar" />
182-->[com.google.firebase:firebase-messaging:24.0.1] AndroidManifest.xml:59:17-82
183            <meta-data
183-->[com.google.firebase:firebase-messaging:24.0.1] AndroidManifest.xml:60:13-62:85
184                android:name="com.google.firebase.components:com.google.firebase.messaging.FirebaseMessagingRegistrar"
184-->[com.google.firebase:firebase-messaging:24.0.1] AndroidManifest.xml:61:17-119
185                android:value="com.google.firebase.components.ComponentRegistrar" />
185-->[com.google.firebase:firebase-messaging:24.0.1] AndroidManifest.xml:62:17-82
186            <meta-data
186-->[com.google.firebase:firebase-storage:21.0.0] AndroidManifest.xml:30:13-32:85
187                android:name="com.google.firebase.components:com.google.firebase.storage.FirebaseStorageKtxRegistrar"
187-->[com.google.firebase:firebase-storage:21.0.0] AndroidManifest.xml:31:17-118
188                android:value="com.google.firebase.components.ComponentRegistrar" />
188-->[com.google.firebase:firebase-storage:21.0.0] AndroidManifest.xml:32:17-82
189            <meta-data
189-->[com.google.firebase:firebase-storage:21.0.0] AndroidManifest.xml:33:13-35:85
190                android:name="com.google.firebase.components:com.google.firebase.storage.StorageRegistrar"
190-->[com.google.firebase:firebase-storage:21.0.0] AndroidManifest.xml:34:17-107
191                android:value="com.google.firebase.components.ComponentRegistrar" />
191-->[com.google.firebase:firebase-storage:21.0.0] AndroidManifest.xml:35:17-82
192            <meta-data
192-->[com.google.firebase:firebase-appcheck:18.0.0] AndroidManifest.xml:25:13-27:85
193                android:name="com.google.firebase.components:com.google.firebase.appcheck.FirebaseAppCheckKtxRegistrar"
193-->[com.google.firebase:firebase-appcheck:18.0.0] AndroidManifest.xml:26:17-120
194                android:value="com.google.firebase.components.ComponentRegistrar" />
194-->[com.google.firebase:firebase-appcheck:18.0.0] AndroidManifest.xml:27:17-82
195            <meta-data
195-->[com.google.firebase:firebase-appcheck:18.0.0] AndroidManifest.xml:28:13-30:85
196                android:name="com.google.firebase.components:com.google.firebase.appcheck.FirebaseAppCheckRegistrar"
196-->[com.google.firebase:firebase-appcheck:18.0.0] AndroidManifest.xml:29:17-117
197                android:value="com.google.firebase.components.ComponentRegistrar" />
197-->[com.google.firebase:firebase-appcheck:18.0.0] AndroidManifest.xml:30:17-82
198            <meta-data
198-->[com.google.firebase:firebase-perf:21.0.1] AndroidManifest.xml:14:13-16:85
199                android:name="com.google.firebase.components:com.google.firebase.perf.FirebasePerfKtxRegistrar"
199-->[com.google.firebase:firebase-perf:21.0.1] AndroidManifest.xml:15:17-112
200                android:value="com.google.firebase.components.ComponentRegistrar" />
200-->[com.google.firebase:firebase-perf:21.0.1] AndroidManifest.xml:16:17-82
201            <meta-data
201-->[com.google.firebase:firebase-perf:21.0.1] AndroidManifest.xml:17:13-19:85
202                android:name="com.google.firebase.components:com.google.firebase.perf.FirebasePerfRegistrar"
202-->[com.google.firebase:firebase-perf:21.0.1] AndroidManifest.xml:18:17-109
203                android:value="com.google.firebase.components.ComponentRegistrar" />
203-->[com.google.firebase:firebase-perf:21.0.1] AndroidManifest.xml:19:17-82
204            <meta-data
204-->[com.google.firebase:firebase-config:22.0.0] AndroidManifest.xml:29:13-31:85
205                android:name="com.google.firebase.components:com.google.firebase.remoteconfig.FirebaseRemoteConfigKtxRegistrar"
205-->[com.google.firebase:firebase-config:22.0.0] AndroidManifest.xml:30:17-128
206                android:value="com.google.firebase.components.ComponentRegistrar" />
206-->[com.google.firebase:firebase-config:22.0.0] AndroidManifest.xml:31:17-82
207            <meta-data
207-->[com.google.firebase:firebase-config:22.0.0] AndroidManifest.xml:32:13-34:85
208                android:name="com.google.firebase.components:com.google.firebase.remoteconfig.RemoteConfigRegistrar"
208-->[com.google.firebase:firebase-config:22.0.0] AndroidManifest.xml:33:17-117
209                android:value="com.google.firebase.components.ComponentRegistrar" />
209-->[com.google.firebase:firebase-config:22.0.0] AndroidManifest.xml:34:17-82
210            <meta-data
210-->[com.google.firebase:firebase-sessions:2.0.0] AndroidManifest.xml:29:13-31:85
211                android:name="com.google.firebase.components:com.google.firebase.sessions.FirebaseSessionsRegistrar"
211-->[com.google.firebase:firebase-sessions:2.0.0] AndroidManifest.xml:30:17-117
212                android:value="com.google.firebase.components.ComponentRegistrar" />
212-->[com.google.firebase:firebase-sessions:2.0.0] AndroidManifest.xml:31:17-82
213            <meta-data
213-->[com.google.firebase:firebase-iid:21.1.0] AndroidManifest.xml:32:13-34:85
214                android:name="com.google.firebase.components:com.google.firebase.iid.Registrar"
214-->[com.google.firebase:firebase-iid:21.1.0] AndroidManifest.xml:33:17-96
215                android:value="com.google.firebase.components.ComponentRegistrar" />
215-->[com.google.firebase:firebase-iid:21.1.0] AndroidManifest.xml:34:17-82
216            <meta-data
216-->[com.google.firebase:firebase-installations:18.0.0] AndroidManifest.xml:15:13-17:85
217                android:name="com.google.firebase.components:com.google.firebase.installations.FirebaseInstallationsKtxRegistrar"
217-->[com.google.firebase:firebase-installations:18.0.0] AndroidManifest.xml:16:17-130
218                android:value="com.google.firebase.components.ComponentRegistrar" />
218-->[com.google.firebase:firebase-installations:18.0.0] AndroidManifest.xml:17:17-82
219            <meta-data
219-->[com.google.firebase:firebase-installations:18.0.0] AndroidManifest.xml:18:13-20:85
220                android:name="com.google.firebase.components:com.google.firebase.installations.FirebaseInstallationsRegistrar"
220-->[com.google.firebase:firebase-installations:18.0.0] AndroidManifest.xml:19:17-127
221                android:value="com.google.firebase.components.ComponentRegistrar" />
221-->[com.google.firebase:firebase-installations:18.0.0] AndroidManifest.xml:20:17-82
222            <meta-data
222-->[com.google.firebase:firebase-common-ktx:21.0.0] AndroidManifest.xml:12:13-14:85
223                android:name="com.google.firebase.components:com.google.firebase.ktx.FirebaseCommonLegacyRegistrar"
223-->[com.google.firebase:firebase-common-ktx:21.0.0] AndroidManifest.xml:13:17-116
224                android:value="com.google.firebase.components.ComponentRegistrar" />
224-->[com.google.firebase:firebase-common-ktx:21.0.0] AndroidManifest.xml:14:17-82
225            <meta-data
225-->[com.google.firebase:firebase-common:21.0.0] AndroidManifest.xml:35:13-37:85
226                android:name="com.google.firebase.components:com.google.firebase.FirebaseCommonKtxRegistrar"
226-->[com.google.firebase:firebase-common:21.0.0] AndroidManifest.xml:36:17-109
227                android:value="com.google.firebase.components.ComponentRegistrar" />
227-->[com.google.firebase:firebase-common:21.0.0] AndroidManifest.xml:37:17-82
228            <meta-data
228-->[com.google.firebase:firebase-abt:21.1.1] AndroidManifest.xml:12:13-14:85
229                android:name="com.google.firebase.components:com.google.firebase.abt.component.AbtRegistrar"
229-->[com.google.firebase:firebase-abt:21.1.1] AndroidManifest.xml:13:17-109
230                android:value="com.google.firebase.components.ComponentRegistrar" />
230-->[com.google.firebase:firebase-abt:21.1.1] AndroidManifest.xml:14:17-82
231            <meta-data
231-->[com.google.firebase:firebase-datatransport:18.2.0] AndroidManifest.xml:25:13-27:85
232                android:name="com.google.firebase.components:com.google.firebase.datatransport.TransportRegistrar"
232-->[com.google.firebase:firebase-datatransport:18.2.0] AndroidManifest.xml:26:17-115
233                android:value="com.google.firebase.components.ComponentRegistrar" />
233-->[com.google.firebase:firebase-datatransport:18.2.0] AndroidManifest.xml:27:17-82
234        </service>
235        <service
235-->[:firebase_messaging] AndroidManifest.xml:16:9-19:72
236            android:name="io.flutter.plugins.firebase.messaging.FlutterFirebaseMessagingBackgroundService"
236-->[:firebase_messaging] AndroidManifest.xml:17:13-107
237            android:exported="false"
237-->[:firebase_messaging] AndroidManifest.xml:18:13-37
238            android:permission="android.permission.BIND_JOB_SERVICE" />
238-->[:firebase_messaging] AndroidManifest.xml:19:13-69
239        <service
239-->[:firebase_messaging] AndroidManifest.xml:20:9-26:19
240            android:name="io.flutter.plugins.firebase.messaging.FlutterFirebaseMessagingService"
240-->[:firebase_messaging] AndroidManifest.xml:21:13-97
241            android:exported="false" >
241-->[:firebase_messaging] AndroidManifest.xml:22:13-37
242            <intent-filter>
242-->[:firebase_messaging] AndroidManifest.xml:23:13-25:29
243                <action android:name="com.google.firebase.MESSAGING_EVENT" />
243-->[:firebase_messaging] AndroidManifest.xml:24:17-78
243-->[:firebase_messaging] AndroidManifest.xml:24:25-75
244            </intent-filter>
245        </service>
246
247        <receiver
247-->[:firebase_messaging] AndroidManifest.xml:28:9-35:20
248            android:name="io.flutter.plugins.firebase.messaging.FlutterFirebaseMessagingReceiver"
248-->[:firebase_messaging] AndroidManifest.xml:29:13-98
249            android:exported="true"
249-->[:firebase_messaging] AndroidManifest.xml:30:13-36
250            android:permission="com.google.android.c2dm.permission.SEND" >
250-->[:firebase_messaging] AndroidManifest.xml:31:13-73
251            <intent-filter>
251-->[:firebase_messaging] AndroidManifest.xml:32:13-34:29
252                <action android:name="com.google.android.c2dm.intent.RECEIVE" />
252-->[:firebase_messaging] AndroidManifest.xml:33:17-81
252-->[:firebase_messaging] AndroidManifest.xml:33:25-78
253            </intent-filter>
254        </receiver>
255
256        <provider
256-->[:firebase_messaging] AndroidManifest.xml:43:9-47:38
257            android:name="io.flutter.plugins.firebase.messaging.FlutterFirebaseMessagingInitProvider"
257-->[:firebase_messaging] AndroidManifest.xml:44:13-102
258            android:authorities="com.mycompany.voguetnc.flutterfirebasemessaginginitprovider"
258-->[:firebase_messaging] AndroidManifest.xml:45:13-88
259            android:exported="false"
259-->[:firebase_messaging] AndroidManifest.xml:46:13-37
260            android:initOrder="99" />
260-->[:firebase_messaging] AndroidManifest.xml:47:13-35
261        <provider
261-->[:image_picker_android] AndroidManifest.xml:11:9-19:20
262            android:name="io.flutter.plugins.imagepicker.ImagePickerFileProvider"
262-->[:image_picker_android] AndroidManifest.xml:12:13-82